<?xml version="1.0" encoding="utf-8"?><testsuites><testsuite name="pytest" errors="0" failures="0" skipped="0" tests="6" time="0.234" timestamp="2023-06-16T09:06:05.453598" hostname="fedora"><testcase classname="tests.test_funcionario.TestFuncionario" name="test_quando_idade_recebe_01_01_2001_deve_retornar_ano_atual_menos_2001" time="0.000" /><testcase classname="tests.test_funcionario.TestFuncionario" name="test_quando_sobrenome_recebe_Lucas_Nobre_deve_retornar_Nobre" time="0.000" /><testcase classname="tests.test_funcionario.TestFuncionario" name="test_quando_decrescimo_salario_recebe_100000_deve_retornar_90000" time="0.000" /><testcase classname="tests.test_funcionario.TestFuncionario" name="test_quando_calcular_bonus_recebe_1000_deve_retornar_100" time="0.000" /><testcase classname="tests.test_funcionario.TestFuncionario" name="test_quando_calcular_bonus_recebe_1000000_deve_retornar_exception" time="0.000" /><testcase classname="tests.test_funcionario.TestFuncionario" name="test_retorno_str" time="0.000" /></testsuite></testsuites>